<?xml version="1.0" encoding="UTF-8"?>
<!-- Generated by org.testng.reporters.JUnitReportReporter -->
<testsuite skipped="0" hostname="DESKTOP-NQJ6LH5" name="qaclick.Mavenjava.RestAPITools" tests="2" failures="0" timestamp="21 Jul 2020 16:30:37 GMT" time="0.016" errors="0">
  <testcase name="postJIRA" time="0.000" classname="qaclick.Mavenjava.RestAPITools"/>
  <testcase name="deleteTwitter" time="0.016" classname="qaclick.Mavenjava.RestAPITools"/>
</testsuite> <!-- qaclick.Mavenjava.RestAPITools -->
